This file contains any messages produced by compilers while
running configure, to aid debugging if configure makes a mistake.

It was created by configure, which was
generated by GNU Autoconf 2.68.  Invocation command line was

  $ ./configure --host=x86_64-unknown-linux-gnu --build=x86_64-unknown-linux-gnu --program-prefix= --prefix=/usr --exec-prefix=/usr --bindir=/usr/bin --sbindir=/usr/sbin --sysconfdir=/etc --datadir=/usr/share --includedir=/usr/include --libdir=/usr/lib64 --libexecdir=/usr/libexec --localstatedir=/var --sharedstatedir=/var/lib --mandir=/usr/share/man --infodir=/usr/share/info --with-apr=/usr/bin/apr-1-config --with-java-home=/usr/java/latest --with-ssl=yes --prefix=/usr/local/tomcat/

## --------- ##
## Platform. ##
## --------- ##

hostname = puppetmaster-dev.library.northwestern.edu
uname -m = x86_64
uname -r = 2.6.32-279.9.1.el6.x86_64
uname -s = Linux
uname -v = #1 SMP Fri Aug 31 09:04:24 EDT 2012

/usr/bin/uname -p = unknown
/bin/uname -X     = unknown

/bin/arch              = x86_64
/usr/bin/arch -k       = unknown
/usr/convex/getsysinfo = unknown
/usr/bin/hostinfo      = unknown
/bin/machine           = unknown
/usr/bin/oslevel       = unknown
/bin/universe          = unknown

PATH: /usr/local/bin
PATH: /bin
PATH: /usr/bin
PATH: /usr/local/sbin
PATH: /usr/sbin
PATH: /sbin
PATH: /home/rpmbuild/bin


## ----------- ##
## Core tests. ##
## ----------- ##

configure:2048: checking build system type
configure:2062: result: x86_64-unknown-linux-gnu
configure:2082: checking host system type
configure:2095: result: x86_64-unknown-linux-gnu
configure:2115: checking target system type
configure:2128: result: x86_64-unknown-linux-gnu
configure:2169: checking for a BSD-compatible install
configure:2237: result: /usr/bin/install -c
configure:2255: checking for working mkdir -p
configure:2271: result: yes
configure:2364: checking for chosen layout
configure:2366: result: tcnative
configure:2521: checking for APR
configure:2600: result: yes
configure:2653: checking for JDK location (please wait)
configure:2679: result: /usr/java/latest
configure:2764: checking Java platform
configure:2787: checking Java platform
configure:2794: result: 
configure:2804: checking for sablevm
configure:2835: result: NONE
configure:2910: checking os_type directory
configure:3026: checking for x86_64-unknown-linux-gnu-gcc
configure:3053: result: gcc
configure:3322: checking for C compiler version
configure:3331: gcc --version >&5
gcc (GCC) 4.4.6 20120305 (Red Hat 4.4.6-4)
Copyright (C) 2010 Free Software Foundation, Inc.
This is free software; see the source for copying conditions.  There is NO
warranty; not even for MERCHANTABILITY or FITNESS FOR A PARTICULAR PURPOSE.

configure:3342: $? = 0
configure:3331: gcc -v >&5
Using built-in specs.
Target: x86_64-redhat-linux
Configured with: ../configure --prefix=/usr --mandir=/usr/share/man --infodir=/usr/share/info --with-bugurl=http://bugzilla.redhat.com/bugzilla --enable-bootstrap --enable-shared --enable-threads=posix --enable-checking=release --with-system-zlib --enable-__cxa_atexit --disable-libunwind-exceptions --enable-gnu-unique-object --enable-languages=c,c++,objc,obj-c++,java,fortran,ada --enable-java-awt=gtk --disable-dssi --with-java-home=/usr/lib/jvm/java-1.5.0-gcj-1.5.0.0/jre --enable-libgcj-multifile --enable-java-maintainer-mode --with-ecj-jar=/usr/share/java/eclipse-ecj.jar --disable-libjava-multilib --with-ppl --with-cloog --with-tune=generic --with-arch_32=i686 --build=x86_64-redhat-linux
Thread model: posix
gcc version 4.4.6 20120305 (Red Hat 4.4.6-4) (GCC) 
configure:3342: $? = 0
configure:3331: gcc -V >&5
gcc: '-V' option must have argument
configure:3342: $? = 1
configure:3331: gcc -qversion >&5
gcc: unrecognized option '-qversion'
gcc: no input files
configure:3342: $? = 1
configure:3362: checking whether the C compiler works
configure:3384: gcc -O2 -g   conftest.c  >&5
configure:3388: $? = 0
configure:3436: result: yes
configure:3439: checking for C compiler default output file name
configure:3441: result: a.out
configure:3447: checking for suffix of executables
configure:3454: gcc -o conftest -O2 -g   conftest.c  >&5
configure:3458: $? = 0
configure:3480: result: 
configure:3502: checking whether we are cross compiling
configure:3510: gcc -o conftest -O2 -g   conftest.c  >&5
configure:3514: $? = 0
configure:3521: ./conftest
configure:3525: $? = 0
configure:3540: result: no
configure:3545: checking for suffix of object files
configure:3567: gcc -c -O2 -g  conftest.c >&5
configure:3571: $? = 0
configure:3592: result: o
configure:3596: checking whether we are using the GNU C compiler
configure:3615: gcc -c -O2 -g  conftest.c >&5
configure:3615: $? = 0
configure:3624: result: yes
configure:3633: checking whether gcc accepts -g
configure:3653: gcc -c -g  conftest.c >&5
configure:3653: $? = 0
configure:3694: result: yes
configure:3711: checking for gcc option to accept ISO C89
configure:3775: gcc  -c -O2 -g  conftest.c >&5
configure:3775: $? = 0
configure:3788: result: none needed
configure:3811: checking for OpenSSL library
configure:3889: result: using openssl from /usr/lib and /usr/include
configure:3904: checking OpenSSL library version
configure:3928: gcc -o conftest -O2 -g    conftest.c  -lssl -lcrypto >&5
configure:3928: $? = 0
configure:3928: ./conftest
configure:3928: $? = 0
configure:3929: result: ok
configure:3948: checking for OpenSSL DSA support
configure:3954: result: yes
configure:4354: creating ./config.status

## ---------------------- ##
## Running config.status. ##
## ---------------------- ##

This file was extended by config.status, which was
generated by GNU Autoconf 2.68.  Invocation command line was

  CONFIG_FILES    = 
  CONFIG_HEADERS  = 
  CONFIG_LINKS    = 
  CONFIG_COMMANDS = 
  $ ./config.status 

on puppetmaster-dev.library.northwestern.edu

config.status:779: creating tcnative.pc
config.status:779: creating Makefile
config.status:945: executing default commands

## ---------------- ##
## Cache variables. ##
## ---------------- ##

ac_cv_build=x86_64-unknown-linux-gnu
ac_cv_c_compiler_gnu=yes
ac_cv_env_CC_set=
ac_cv_env_CC_value=
ac_cv_env_CFLAGS_set=set
ac_cv_env_CFLAGS_value='-O2 -g'
ac_cv_env_CPPFLAGS_set=
ac_cv_env_CPPFLAGS_value=
ac_cv_env_LDFLAGS_set=
ac_cv_env_LDFLAGS_value=
ac_cv_env_LIBS_set=
ac_cv_env_LIBS_value=
ac_cv_env_build_alias_set=set
ac_cv_env_build_alias_value=x86_64-unknown-linux-gnu
ac_cv_env_host_alias_set=set
ac_cv_env_host_alias_value=x86_64-unknown-linux-gnu
ac_cv_env_target_alias_set=
ac_cv_env_target_alias_value=
ac_cv_host=x86_64-unknown-linux-gnu
ac_cv_mkdir_p=yes
ac_cv_objext=o
ac_cv_path_SABLEVM=NONE
ac_cv_path_install='/usr/bin/install -c'
ac_cv_prog_CC=gcc
ac_cv_prog_cc_c89=
ac_cv_prog_cc_g=yes
ac_cv_target=x86_64-unknown-linux-gnu

## ----------------- ##
## Output variables. ##
## ----------------- ##

APR_BUILD_DIR='/usr/lib64/apr-1/build'
APR_INCLUDES=' -I/usr/include/apr-1 '
APR_LIBS=' /usr/lib64/libapr-1.la  -lpthread'
CC='gcc'
CFLAGS='-O2 -g -DHAVE_OPENSSL'
CPPFLAGS=''
DEFS='-DPACKAGE_NAME=\"\" -DPACKAGE_TARNAME=\"\" -DPACKAGE_VERSION=\"\" -DPACKAGE_STRING=\"\" -DPACKAGE_BUGREPORT=\"\" -DPACKAGE_URL=\"\" -DHAVE_OPENSSL_DSA=1'
ECHO_C=''
ECHO_N='-n'
ECHO_T=''
EXEEXT=''
EXTRA_OS_LINK=''
INCLUDE_OUTPUTS='include /home/rpmbuild/rpmbuild/BUILD/tomcat-native-1.1.24/jni/native/build-outputs.mk'
INCLUDE_RULES='include /home/rpmbuild/rpmbuild/BUILD/tomcat-native-1.1.24/jni/native/build/rules.mk'
INSTALL_DATA='${INSTALL} -m 644'
INSTALL_PROGRAM='${INSTALL}'
INSTALL_SCRIPT='${INSTALL}'
JAVA_HOME='/usr/java/latest'
JAVA_OS='linux'
JAVA_PLATFORM=''
LDFLAGS=''
LIBOBJS=''
LIBS=''
LTLIBOBJS=''
OBJEXT='o'
PACKAGE_BUGREPORT=''
PACKAGE_NAME=''
PACKAGE_STRING=''
PACKAGE_TARNAME=''
PACKAGE_URL=''
PACKAGE_VERSION=''
PATH_SEPARATOR=':'
SABLEVM='NONE'
SHELL='/bin/sh'
TCNATIVE_DOTTED_VERSION='1.1.24'
TCNATIVE_EXPORT_LIBS=''
TCNATIVE_INCLUDES=''
TCNATIVE_LDFLAGS='-lssl -lcrypto'
TCNATIVE_LIBNAME='tcnative-${TCNATIVE_MAJOR_VERSION}'
TCNATIVE_LIBS=' /usr/lib64/libapr-1.la  -lpthread'
TCNATIVE_LIBTOOL_VERSION='1:24:1'
TCNATIVE_MAJOR_VERSION='1'
TCNATIVE_PRIV_INCLUDES='-I/home/rpmbuild/rpmbuild/BUILD/tomcat-native-1.1.24/jni/native/include -I/usr/java/latest/include -I/usr/java/latest/include/linux'
TCN_CONFIG_LOCATION='source'
abs_builddir='/home/rpmbuild/rpmbuild/BUILD/tomcat-native-1.1.24/jni/native'
abs_srcdir='/home/rpmbuild/rpmbuild/BUILD/tomcat-native-1.1.24/jni/native'
ac_ct_CC=''
bindir='/usr/bin'
build='x86_64-unknown-linux-gnu'
build_alias='x86_64-unknown-linux-gnu'
build_cpu='x86_64'
build_os='linux-gnu'
build_vendor='unknown'
datadir='/usr/share'
datarootdir='${prefix}/share'
docdir='${datarootdir}/doc/${PACKAGE}'
dvidir='${docdir}'
exec_prefix='/usr'
host='x86_64-unknown-linux-gnu'
host_alias='Linux'
host_cpu='x86_64'
host_os='linux-gnu'
host_vendor='unknown'
htmldir='${docdir}'
includedir='/usr/include'
infodir='/usr/share/info'
lib_target='-rpath $(libdir) $(OBJECTS)'
libdir='/usr/lib64'
libexecdir='/usr/libexec'
localedir='${datarootdir}/locale'
localstatedir='/var'
mandir='/usr/share/man'
oldincludedir='/usr/include'
pdfdir='${docdir}'
prefix='/usr/local/tomcat/'
program_transform_name='s,x,x,'
psdir='${docdir}'
sbindir='/usr/sbin'
sharedstatedir='/var/lib'
so_ext='lo'
sysconfdir='/etc'
target='x86_64-unknown-linux-gnu'
target_alias=''
target_cpu='x86_64'
target_os='linux-gnu'
target_vendor='unknown'
top_builddir='/home/rpmbuild/rpmbuild/BUILD/tomcat-native-1.1.24/jni/native'

## ----------- ##
## confdefs.h. ##
## ----------- ##

/* confdefs.h */
#define PACKAGE_NAME ""
#define PACKAGE_TARNAME ""
#define PACKAGE_VERSION ""
#define PACKAGE_STRING ""
#define PACKAGE_BUGREPORT ""
#define PACKAGE_URL ""
#define HAVE_OPENSSL_DSA 1

configure: exit 0
